Arguments: 
  C:\Program Files\nodejs\node.exe C:\Users\kratew\AppData\Roaming\npm\node_modules\yarn\bin\yarn.js add cookieSession

PATH: 
  C:\Users\kratew\Documents\Git Repository\ISB\node_modules\.bin;C:\WINDOWS\system32;C:\WINDOWS;C:\WINDOWS\System32\Wbem;C:\WINDOWS\System32\WindowsPowerShell\v1.0\;C:\Program Files\dotnet\;C:\Program Files\Microsoft SQL Server\130\Tools\Binn\;C:\Program Files\Git\cmd;C:\Program Files\Intel\WiFi\bin\;C:\Program Files\Common Files\Intel\WirelessCommon\;C:\Program Files\nodejs\;C:\WINDOWS\System32\OpenSSH\;C:\Program Files\PuTTY\;C:\Users\kratew\AppData\Local\Microsoft\WindowsApps;C:\Users\kratew\AppData\Local\Programs\Microsoft VS Code\bin;C:\Program Files\Bandizip\;C:\Program Files\Java\jdk-11.0.1\bin;C:\Program Files\Intel\WiFi\bin\;C:\Program Files\Common Files\Intel\WirelessCommon\;C:\Users\kratew\AppData\Roaming\npm;;C:\Program Files\Docker Toolbox

Yarn version: 
  1.13.0

Node version: 
  10.14.2

Platform: 
  win32 x64

Trace: 
  Error: https://registry.yarnpkg.com/cookieSession: Not found
      at Request.params.callback [as _callback] (C:\Users\kratew\AppData\Roaming\npm\node_modules\yarn\lib\cli.js:66255:18)
      at Request.self.callback (C:\Users\kratew\AppData\Roaming\npm\node_modules\yarn\lib\cli.js:129397:22)
      at Request.emit (events.js:182:13)
      at Request.<anonymous> (C:\Users\kratew\AppData\Roaming\npm\node_modules\yarn\lib\cli.js:130369:10)
      at Request.emit (events.js:182:13)
      at IncomingMessage.<anonymous> (C:\Users\kratew\AppData\Roaming\npm\node_modules\yarn\lib\cli.js:130291:12)
      at Object.onceWrapper (events.js:273:13)
      at IncomingMessage.emit (events.js:187:15)
      at endReadableNT (_stream_readable.js:1094:12)
      at process._tickCallback (internal/process/next_tick.js:63:19)

npm manifest: 
  {
    "name": "isb",
    "version": "1.0.0",
    "description": "Imaging Sensor for the Blinds",
    "main": "app.js",
    "scripts": {
      "test": "echo \"Error: no test specified\" && exit 1"
    },
    "repository": {
      "type": "git",
      "url": "git+https://github.com/kratew/ISB.git"
    },
    "author": "",
    "license": "ISC",
    "bugs": {
      "url": "https://github.com/kratew/ISB/issues"
    },
    "homepage": "https://github.com/kratew/ISB#readme",
    "dependencies": {
      "body-parser": "^1.18.3",
      "config": "^3.0.0",
      "connect-redis": "^3.4.0",
      "cookie-parser": "^1.4.3",
      "ejs": "^2.6.1",
      "express": "^4.16.4",
      "express-group-routes": "^1.1.0",
      "express-session": "^1.15.6",
      "fs": "0.0.1-security",
      "mysql": "^2.16.0",
      "passport": "^0.4.0",
      "passport-local": "^1.0.0",
      "redis": "^2.8.0",
      "router": "^1.3.3",
      "session": "^0.1.0"
    }
  }

yarn manifest: 
  No manifest

Lockfile: 
  No lockfile
